0 info it worked if it ends with ok
1 verbose cli [ '/usr/bin/nodejs', '/usr/bin/npm', 'install', 'httpdispatcher' ]
2 info using npm@3.10.3
3 info using node@v6.7.0
4 silly loadCurrentTree Starting
5 silly install loadCurrentTree
6 silly install readLocalPackageData
7 silly fetchPackageMetaData httpdispatcher
8 silly fetchNamedPackageData httpdispatcher
9 silly mapToRegistry name httpdispatcher
10 silly mapToRegistry using default registry
11 silly mapToRegistry registry https://registry.npmjs.org/
12 silly mapToRegistry data Result {
12 silly mapToRegistry   raw: 'httpdispatcher',
12 silly mapToRegistry   scope: null,
12 silly mapToRegistry   escapedName: 'httpdispatcher',
12 silly mapToRegistry   name: 'httpdispatcher',
12 silly mapToRegistry   rawSpec: '',
12 silly mapToRegistry   spec: 'latest',
12 silly mapToRegistry   type: 'tag' }
13 silly mapToRegistry uri https://registry.npmjs.org/httpdispatcher
14 verbose request uri https://registry.npmjs.org/httpdispatcher
15 verbose request no auth needed
16 info attempt registry request try #1 at 7:45:29 AM
17 verbose request id d5c178c493413758
18 verbose etag W/"5828361f-4048"
19 verbose lastModified Sun, 13 Nov 2016 09:45:03 GMT
20 http request GET https://registry.npmjs.org/httpdispatcher
21 http 304 https://registry.npmjs.org/httpdispatcher
22 verbose headers { date: 'Wed, 23 Nov 2016 07:45:31 GMT',
22 verbose headers   via: '1.1 varnish',
22 verbose headers   'cache-control': 'max-age=300',
22 verbose headers   etag: 'W/"5828361f-4048"',
22 verbose headers   age: '45',
22 verbose headers   connection: 'keep-alive',
22 verbose headers   'x-served-by': 'cache-sin6921-SIN',
22 verbose headers   'x-cache': 'HIT',
22 verbose headers   'x-cache-hits': '1',
22 verbose headers   'x-timer': 'S1479887131.266898,VS0,VE1',
22 verbose headers   vary: 'Accept-Encoding' }
23 silly get cb [ 304,
23 silly get   { date: 'Wed, 23 Nov 2016 07:45:31 GMT',
23 silly get     via: '1.1 varnish',
23 silly get     'cache-control': 'max-age=300',
23 silly get     etag: 'W/"5828361f-4048"',
23 silly get     age: '45',
23 silly get     connection: 'keep-alive',
23 silly get     'x-served-by': 'cache-sin6921-SIN',
23 silly get     'x-cache': 'HIT',
23 silly get     'x-cache-hits': '1',
23 silly get     'x-timer': 'S1479887131.266898,VS0,VE1',
23 silly get     vary: 'Accept-Encoding' } ]
24 verbose etag https://registry.npmjs.org/httpdispatcher from cache
25 verbose get saving httpdispatcher to /home/vagrant/.npm/registry.npmjs.org/httpdispatcher/.cache.json
26 verbose correctMkdir /home/vagrant/.npm correctMkdir not in flight; initializing
27 silly install normalizeTree
28 silly loadCurrentTree Finishing
29 silly loadIdealTree Starting
30 silly install loadIdealTree
31 silly cloneCurrentTree Starting
32 silly install cloneCurrentTreeToIdealTree
33 silly cloneCurrentTree Finishing
34 silly loadShrinkwrap Starting
35 silly install loadShrinkwrap
36 silly loadShrinkwrap Finishing
37 silly loadAllDepsIntoIdealTree Starting
38 silly install loadAllDepsIntoIdealTree
39 silly resolveWithNewModule httpdispatcher@2.0.1 checking installable status
40 silly cache add args [ 'httpdispatcher', null ]
41 verbose cache add spec httpdispatcher
42 silly cache add parsed spec Result {
42 silly cache add   raw: 'httpdispatcher',
42 silly cache add   scope: null,
42 silly cache add   escapedName: 'httpdispatcher',
42 silly cache add   name: 'httpdispatcher',
42 silly cache add   rawSpec: '',
42 silly cache add   spec: 'latest',
42 silly cache add   type: 'tag' }
43 silly addNamed httpdispatcher@latest
44 verbose addNamed "latest" is being treated as a dist-tag for httpdispatcher
45 info addNameTag [ 'httpdispatcher', 'latest' ]
46 silly mapToRegistry name httpdispatcher
47 silly mapToRegistry using default registry
48 silly mapToRegistry registry https://registry.npmjs.org/
49 silly mapToRegistry data Result {
49 silly mapToRegistry   raw: 'httpdispatcher',
49 silly mapToRegistry   scope: null,
49 silly mapToRegistry   escapedName: 'httpdispatcher',
49 silly mapToRegistry   name: 'httpdispatcher',
49 silly mapToRegistry   rawSpec: '',
49 silly mapToRegistry   spec: 'latest',
49 silly mapToRegistry   type: 'tag' }
50 silly mapToRegistry uri https://registry.npmjs.org/httpdispatcher
51 verbose addNameTag registry:https://registry.npmjs.org/httpdispatcher not in flight; fetching
52 verbose get https://registry.npmjs.org/httpdispatcher not expired, no request
53 silly addNameTag next cb for httpdispatcher with tag latest
54 silly addNamed httpdispatcher@2.0.1
55 verbose addNamed "2.0.1" is a plain semver version for httpdispatcher
56 silly cache afterAdd httpdispatcher@2.0.1
57 verbose afterAdd /home/vagrant/.npm/httpdispatcher/2.0.1/package/package.json not in flight; writing
58 verbose correctMkdir /home/vagrant/.npm correctMkdir not in flight; initializing
59 verbose afterAdd /home/vagrant/.npm/httpdispatcher/2.0.1/package/package.json written
60 silly fetchNamedPackageData mime
61 silly mapToRegistry name mime
62 silly mapToRegistry using default registry
63 silly mapToRegistry registry https://registry.npmjs.org/
64 silly mapToRegistry data Result {
64 silly mapToRegistry   raw: 'mime',
64 silly mapToRegistry   scope: null,
64 silly mapToRegistry   escapedName: 'mime',
64 silly mapToRegistry   name: 'mime',
64 silly mapToRegistry   rawSpec: '',
64 silly mapToRegistry   spec: 'latest',
64 silly mapToRegistry   type: 'tag' }
65 silly mapToRegistry uri https://registry.npmjs.org/mime
66 verbose request uri https://registry.npmjs.org/mime
67 verbose request no auth needed
68 info attempt registry request try #1 at 7:45:30 AM
69 verbose etag W/"58221d20-50af"
70 verbose lastModified Tue, 08 Nov 2016 18:44:48 GMT
71 http request GET https://registry.npmjs.org/mime
72 http 304 https://registry.npmjs.org/mime
73 verbose headers { date: 'Wed, 23 Nov 2016 07:45:31 GMT',
73 verbose headers   via: '1.1 varnish',
73 verbose headers   'cache-control': 'max-age=300',
73 verbose headers   etag: 'W/"58221d20-50af"',
73 verbose headers   age: '269',
73 verbose headers   connection: 'keep-alive',
73 verbose headers   'x-served-by': 'cache-sin6921-SIN',
73 verbose headers   'x-cache': 'HIT',
73 verbose headers   'x-cache-hits': '39',
73 verbose headers   'x-timer': 'S1479887131.628524,VS0,VE0',
73 verbose headers   vary: 'Accept-Encoding' }
74 silly get cb [ 304,
74 silly get   { date: 'Wed, 23 Nov 2016 07:45:31 GMT',
74 silly get     via: '1.1 varnish',
74 silly get     'cache-control': 'max-age=300',
74 silly get     etag: 'W/"58221d20-50af"',
74 silly get     age: '269',
74 silly get     connection: 'keep-alive',
74 silly get     'x-served-by': 'cache-sin6921-SIN',
74 silly get     'x-cache': 'HIT',
74 silly get     'x-cache-hits': '39',
74 silly get     'x-timer': 'S1479887131.628524,VS0,VE0',
74 silly get     vary: 'Accept-Encoding' } ]
75 verbose etag https://registry.npmjs.org/mime from cache
76 verbose get saving mime to /home/vagrant/.npm/registry.npmjs.org/mime/.cache.json
77 verbose correctMkdir /home/vagrant/.npm correctMkdir not in flight; initializing
78 silly resolveWithNewModule mime@1.3.4 checking installable status
79 silly cache add args [ 'mime@>=1.2.5', null ]
80 verbose cache add spec mime@>=1.2.5
81 silly cache add parsed spec Result {
81 silly cache add   raw: 'mime@>=1.2.5',
81 silly cache add   scope: null,
81 silly cache add   escapedName: 'mime',
81 silly cache add   name: 'mime',
81 silly cache add   rawSpec: '>=1.2.5',
81 silly cache add   spec: '>=1.2.5',
81 silly cache add   type: 'range' }
82 silly addNamed mime@>=1.2.5
83 verbose addNamed ">=1.2.5" is a valid semver range for mime
84 silly addNameRange { name: 'mime', range: '>=1.2.5', hasData: false }
85 silly mapToRegistry name mime
86 silly mapToRegistry using default registry
87 silly mapToRegistry registry https://registry.npmjs.org/
88 silly mapToRegistry data Result {
88 silly mapToRegistry   raw: 'mime',
88 silly mapToRegistry   scope: null,
88 silly mapToRegistry   escapedName: 'mime',
88 silly mapToRegistry   name: 'mime',
88 silly mapToRegistry   rawSpec: '',
88 silly mapToRegistry   spec: 'latest',
88 silly mapToRegistry   type: 'tag' }
89 silly mapToRegistry uri https://registry.npmjs.org/mime
90 verbose addNameRange registry:https://registry.npmjs.org/mime not in flight; fetching
91 verbose get https://registry.npmjs.org/mime not expired, no request
92 silly addNameRange number 2 { name: 'mime', range: '>=1.2.5', hasData: true }
93 silly addNameRange versions [ 'mime',
93 silly addNameRange   [ '1.0.0',
93 silly addNameRange     '1.1.0',
93 silly addNameRange     '1.2.1',
93 silly addNameRange     '1.2.2',
93 silly addNameRange     '1.2.3',
93 silly addNameRange     '1.2.4',
93 silly addNameRange     '1.2.5',
93 silly addNameRange     '1.2.6',
93 silly addNameRange     '1.2.7',
93 silly addNameRange     '1.2.8',
93 silly addNameRange     '1.2.9',
93 silly addNameRange     '1.2.10',
93 silly addNameRange     '1.2.11',
93 silly addNameRange     '1.3.0',
93 silly addNameRange     '1.3.2',
93 silly addNameRange     '1.3.3',
93 silly addNameRange     '1.3.4' ] ]
94 silly addNamed mime@1.3.4
95 verbose addNamed "1.3.4" is a plain semver version for mime
96 silly cache afterAdd mime@1.3.4
97 verbose afterAdd /home/vagrant/.npm/mime/1.3.4/package/package.json not in flight; writing
98 verbose correctMkdir /home/vagrant/.npm correctMkdir not in flight; initializing
99 verbose afterAdd /home/vagrant/.npm/mime/1.3.4/package/package.json written
100 silly loadAllDepsIntoIdealTree Finishing
101 silly loadIdealTree Finishing
102 silly currentTree AngularJS
103 silly idealTree AngularJS
103 silly idealTree +-- httpdispatcher@2.0.1
103 silly idealTree `-- mime@1.3.4
104 silly generateActionsToTake Starting
105 silly install generateActionsToTake
106 silly generateActionsToTake Finishing
107 silly diffTrees action count 2
108 silly diffTrees add mime@1.3.4
109 silly diffTrees add httpdispatcher@2.0.1
110 silly decomposeActions action count 16
111 silly decomposeActions fetch mime@1.3.4
112 silly decomposeActions extract mime@1.3.4
113 silly decomposeActions test mime@1.3.4
114 silly decomposeActions preinstall mime@1.3.4
115 silly decomposeActions build mime@1.3.4
116 silly decomposeActions install mime@1.3.4
117 silly decomposeActions postinstall mime@1.3.4
118 silly decomposeActions finalize mime@1.3.4
119 silly decomposeActions fetch httpdispatcher@2.0.1
120 silly decomposeActions extract httpdispatcher@2.0.1
121 silly decomposeActions test httpdispatcher@2.0.1
122 silly decomposeActions preinstall httpdispatcher@2.0.1
123 silly decomposeActions build httpdispatcher@2.0.1
124 silly decomposeActions install httpdispatcher@2.0.1
125 silly decomposeActions postinstall httpdispatcher@2.0.1
126 silly decomposeActions finalize httpdispatcher@2.0.1
127 silly executeActions Starting
128 silly install executeActions
129 silly doSerial global-install 0
130 silly doParallel fetch 2
131 verbose correctMkdir /home/vagrant/.npm/_locks correctMkdir not in flight; initializing
132 verbose lock using /home/vagrant/.npm/_locks/staging-2e8dce724e282a6e.lock for /vagrant/AngularJS/node_modules/.staging
133 silly doParallel extract 2
134 silly extract mime@1.3.4
135 silly extract httpdispatcher@2.0.1
136 verbose unbuild node_modules/.staging/httpdispatcher-c8da2a8d
137 verbose unbuild node_modules/.staging/mime-bc9bf4af
138 silly gentlyRm /vagrant/AngularJS/node_modules/.staging/httpdispatcher-c8da2a8d is being purged from base /vagrant/AngularJS
139 verbose gentlyRm don't care about contents; nuking /vagrant/AngularJS/node_modules/.staging/httpdispatcher-c8da2a8d
140 silly gentlyRm /vagrant/AngularJS/node_modules/.staging/mime-bc9bf4af is being purged from base /vagrant/AngularJS
141 verbose gentlyRm don't care about contents; nuking /vagrant/AngularJS/node_modules/.staging/mime-bc9bf4af
142 verbose tar unpack /home/vagrant/.npm/httpdispatcher/2.0.1/package.tgz
143 verbose tar unpacking to /vagrant/AngularJS/node_modules/.staging/httpdispatcher-c8da2a8d
144 silly gentlyRm /vagrant/AngularJS/node_modules/.staging/httpdispatcher-c8da2a8d is being purged
145 verbose gentlyRm don't care about contents; nuking /vagrant/AngularJS/node_modules/.staging/httpdispatcher-c8da2a8d
146 verbose tar unpack /home/vagrant/.npm/mime/1.3.4/package.tgz
147 verbose tar unpacking to /vagrant/AngularJS/node_modules/.staging/mime-bc9bf4af
148 silly gentlyRm /vagrant/AngularJS/node_modules/.staging/mime-bc9bf4af is being purged
149 verbose gentlyRm don't care about contents; nuking /vagrant/AngularJS/node_modules/.staging/mime-bc9bf4af
150 silly gunzTarPerm modes [ '775', '664' ]
151 silly gunzTarPerm modes [ '775', '664' ]
152 silly gunzTarPerm extractEntry package.json
153 silly gunzTarPerm modified mode [ 'package.json', 420, 436 ]
154 silly gunzTarPerm extractEntry package.json
155 silly gunzTarPerm modified mode [ 'package.json', 420, 436 ]
156 silly gunzTarPerm extractEntry .npmignore
157 silly gunzTarPerm modified mode [ '.npmignore', 420, 436 ]
158 silly gunzTarPerm extractEntry README.md
159 silly gunzTarPerm modified mode [ 'README.md', 420, 436 ]
160 silly gunzTarPerm extractEntry .npmignore
161 silly gunzTarPerm modified mode [ '.npmignore', 420, 436 ]
162 silly gunzTarPerm extractEntry README.md
163 silly gunzTarPerm modified mode [ 'README.md', 420, 436 ]
164 silly gunzTarPerm extractEntry httpdispatcher.js
165 silly gunzTarPerm modified mode [ 'httpdispatcher.js', 420, 436 ]
166 silly gunzTarPerm extractEntry httpdispatcher.d.ts
167 silly gunzTarPerm modified mode [ 'httpdispatcher.d.ts', 420, 436 ]
168 silly gunzTarPerm extractEntry LICENSE
169 silly gunzTarPerm modified mode [ 'LICENSE', 420, 436 ]
170 silly gunzTarPerm extractEntry cli.js
171 silly gunzTarPerm modified mode [ 'cli.js', 420, 436 ]
172 silly gunzTarPerm extractEntry mime.js
173 silly gunzTarPerm modified mode [ 'mime.js', 420, 436 ]
174 silly gunzTarPerm extractEntry build/build.js
175 silly gunzTarPerm modified mode [ 'build/build.js', 420, 436 ]
176 silly gunzTarPerm extractEntry test/index.js
177 silly gunzTarPerm modified mode [ 'test/index.js', 420, 436 ]
178 silly gunzTarPerm extractEntry build/test.js
179 silly gunzTarPerm modified mode [ 'build/test.js', 420, 436 ]
180 silly gunzTarPerm extractEntry types.json
181 silly gunzTarPerm modified mode [ 'types.json', 420, 436 ]
182 silly gunzTarPerm extractEntry test/static/static-content.txt
183 silly gunzTarPerm modified mode [ 'test/static/static-content.txt', 420, 436 ]
184 silly gentlyRm /vagrant/AngularJS/node_modules/.staging/httpdispatcher-c8da2a8d/node_modules is being purged
185 verbose gentlyRm don't care about contents; nuking /vagrant/AngularJS/node_modules/.staging/httpdispatcher-c8da2a8d/node_modules
186 silly gentlyRm /vagrant/AngularJS/node_modules/.staging/mime-bc9bf4af/node_modules is being purged
187 verbose gentlyRm don't care about contents; nuking /vagrant/AngularJS/node_modules/.staging/mime-bc9bf4af/node_modules
188 silly doParallel preinstall 2
189 silly preinstall mime@1.3.4 /vagrant/AngularJS/node_modules/.staging/mime-bc9bf4af
190 info lifecycle mime@1.3.4~preinstall: mime@1.3.4
191 silly preinstall httpdispatcher@2.0.1 /vagrant/AngularJS/node_modules/.staging/httpdispatcher-c8da2a8d
192 info lifecycle httpdispatcher@2.0.1~preinstall: httpdispatcher@2.0.1
193 silly lifecycle mime@1.3.4~preinstall: no script for preinstall, continuing
194 silly lifecycle httpdispatcher@2.0.1~preinstall: no script for preinstall, continuing
195 silly doReverseSerial remove 0
196 silly doSerial move 0
197 silly doSerial finalize 2
198 silly finalize /vagrant/AngularJS/node_modules/mime
199 silly finalize /vagrant/AngularJS/node_modules/httpdispatcher
200 silly doSerial build 2
201 silly build mime@1.3.4
202 info linkStuff mime@1.3.4
203 silly linkStuff mime@1.3.4 has /vagrant/AngularJS/node_modules as its parent node_modules
204 verbose linkBins mime@1.3.4
205 verbose link bins [ { mime: 'cli.js' },
205 verbose link bins   '/vagrant/AngularJS/node_modules/.bin',
205 verbose link bins   false ]
206 verbose linkMans mime@1.3.4
207 silly gentlyRm /vagrant/AngularJS/node_modules/.bin/mime is being purged
208 verbose gentlyRm don't care about contents; nuking /vagrant/AngularJS/node_modules/.bin/mime
209 verbose unlock done using /home/vagrant/.npm/_locks/staging-2e8dce724e282a6e.lock for /vagrant/AngularJS/node_modules/.staging
210 silly rollbackFailedOptional Starting
211 silly rollbackFailedOptional Finishing
212 silly runTopLevelLifecycles Starting
213 silly runTopLevelLifecycles Finishing
214 silly install printInstalled
215 warn enoent ENOENT: no such file or directory, open '/vagrant/AngularJS/package.json'
216 warn AngularJS No description
217 warn AngularJS No repository field.
218 warn AngularJS No README data
219 warn AngularJS No license field.
220 verbose stack Error: EPROTO: protocol error, symlink '../mime/cli.js' -> '/vagrant/AngularJS/node_modules/.bin/mime'
220 verbose stack     at Error (native)
221 verbose cwd /vagrant/AngularJS
222 error Linux 4.4.0-21-generic
223 error argv "/usr/bin/nodejs" "/usr/bin/npm" "install" "httpdispatcher"
224 error node v6.7.0
225 error npm  v3.10.3
226 error path ../mime/cli.js
227 error code EPROTO
228 error errno -71
229 error syscall symlink
230 error EPROTO: protocol error, symlink '../mime/cli.js' -> '/vagrant/AngularJS/node_modules/.bin/mime'
231 error If you need help, you may report this error at:
231 error     <https://github.com/npm/npm/issues>
232 verbose exit [ -71, true ]
